Arguments: 
  /Users/kokishiozawa/.nvm/versions/node/v12.13.1/bin/node /usr/local/Cellar/yarn/1.22.10/libexec/bin/yarn.js add -D @types/react-chat-elements

PATH: 
  /Users/kokishiozawa/.nvm/versions/node/v12.13.1/bin:/Users/kokishiozawa/Library/Android/sdk/platform-tools:/usr/local/opt/mysql@5.6/bin:/Users/kokishiozawa/.rbenv/shims:/Users/kokishiozawa/.rbenv/bin:/usr/local/bin:/usr/bin:/bin:/usr/sbin:/sbin:/Library/Apple/usr/bin:/Users/kokishiozawa/.nvm/versions/node/v12.13.1/bin:/Users/kokishiozawa/Library/Android/sdk/platform-tools:/usr/local/opt/mysql@5.6/bin:/Users/kokishiozawa/.rbenv/shims:/Users/kokishiozawa/.rbenv/bin:/usr/local/opt/fzf/bin:/usr/local/bin

Yarn version: 
  1.22.10

Node version: 
  12.13.1

Platform: 
  darwin x64

Trace: 
  Error: https://registry.yarnpkg.com/@types%2freact-chat-elements: Not found
      at Request.params.callback [as _callback] (/usr/local/Cellar/yarn/1.22.10/libexec/lib/cli.js:66988:18)
      at Request.self.callback (/usr/local/Cellar/yarn/1.22.10/libexec/lib/cli.js:140749:22)
      at Request.emit (events.js:210:5)
      at Request.<anonymous> (/usr/local/Cellar/yarn/1.22.10/libexec/lib/cli.js:141721:10)
      at Request.emit (events.js:210:5)
      at IncomingMessage.<anonymous> (/usr/local/Cellar/yarn/1.22.10/libexec/lib/cli.js:141643:12)
      at Object.onceWrapper (events.js:299:28)
      at IncomingMessage.emit (events.js:215:7)
      at endReadableNT (_stream_readable.js:1184:12)
      at processTicksAndRejections (internal/process/task_queues.js:80:21)

npm manifest: 
  No manifest

yarn manifest: 
  No manifest

Lockfile: 
  No lockfile
